<?xml version="1.0" encoding="UTF-8"?>
<!-- Generated by org.testng.reporters.JUnitReportReporter -->
<testsuite hostname="Yogarajs-MacBook-Pro.local" name="com.kaplan.tests.GmailTests" tests="1" failures="0" timestamp="24 May 2016 12:05:10 GMT" time="9.260" errors="0">
  <testcase name="emailSearchTest" time="9.260" classname="com.kaplan.tests.GmailTests"/>
</testsuite> <!-- com.kaplan.tests.GmailTests -->
